<?xml version="1.0" encoding="UTF-8"?>
<coverage generated="1763590279604" clover="3.2.0">
  <project timestamp="1763590279604" name="All files">
    <metrics statements="23" coveredstatements="23" conditionals="20" coveredconditionals="19" methods="2" coveredmethods="2" elements="45" coveredelements="44" complexity="0" loc="23" ncloc="23" packages="1" files="1" classes="1"/>
    <file name="conversions.js" path="C:\Users\IK\Desktop\conversor\ConversorDeNumero\conversions.js">
      <metrics statements="23" coveredstatements="23" conditionals="20" coveredconditionals="19" methods="2" coveredmethods="2"/>
      <line num="2" count="10" type="cond" truecount="6" falsecount="0"/>
      <line num="3" count="5" type="stmt"/>
      <line num="4" count="5" type="stmt"/>
      <line num="5" count="5" type="stmt"/>
      <line num="6" count="65" type="stmt"/>
      <line num="7" count="12" type="stmt"/>
      <line num="8" count="12" type="stmt"/>
      <line num="11" count="5" type="stmt"/>
      <line num="15" count="11" type="cond" truecount="4" falsecount="0"/>
      <line num="16" count="8" type="stmt"/>
      <line num="17" count="8" type="cond" truecount="2" falsecount="0"/>
      <line num="18" count="7" type="stmt"/>
      <line num="19" count="7" type="stmt"/>
      <line num="20" count="7" type="stmt"/>
      <line num="21" count="15" type="stmt"/>
      <line num="22" count="15" type="cond" truecount="2" falsecount="0"/>
      <line num="23" count="15" type="cond" truecount="2" falsecount="0"/>
      <line num="24" count="6" type="stmt"/>
      <line num="25" count="6" type="stmt"/>
      <line num="27" count="9" type="stmt"/>
      <line num="30" count="7" type="stmt"/>
      <line num="33" count="1" type="cond" truecount="3" falsecount="1"/>
      <line num="34" count="1" type="stmt"/>
    </file>
  </project>
</coverage>
