{"C:\\Users\\IK\\Desktop\\conversor\\ConversorDeNumero\\conversions.js": {"path":"C:\\Users\\IK\\Desktop\\conversor\\ConversorDeNumero\\conversions.js","statementMap":{"0":{"start":{"line":2,"column":4},"end":{"line":2,"column":96}},"1":{"start":{"line":2,"column":84},"end":{"line":2,"column":96}},"2":{"start":{"line":3,"column":20},"end":{"line":3,"column":146}},"3":{"start":{"line":4,"column":17},"end":{"line":4,"column":19}},"4":{"start":{"line":5,"column":4},"end":{"line":10,"column":5}},"5":{"start":{"line":6,"column":8},"end":{"line":9,"column":9}},"6":{"start":{"line":7,"column":12},"end":{"line":7,"column":26}},"7":{"start":{"line":8,"column":12},"end":{"line":8,"column":23}},"8":{"start":{"line":11,"column":4},"end":{"line":11,"column":18}},"9":{"start":{"line":15,"column":4},"end":{"line":15,"column":65}},"10":{"start":{"line":15,"column":53},"end":{"line":15,"column":65}},"11":{"start":{"line":16,"column":4},"end":{"line":16,"column":28}},"12":{"start":{"line":17,"column":4},"end":{"line":17,"column":47}},"13":{"start":{"line":17,"column":35},"end":{"line":17,"column":47}},"14":{"start":{"line":18,"column":17},"end":{"line":18,"column":55}},"15":{"start":{"line":19,"column":14},"end":{"line":19,"column":15}},"16":{"start":{"line":20,"column":4},"end":{"line":29,"column":5}},"17":{"start":{"line":20,"column":17},"end":{"line":20,"column":18}},"18":{"start":{"line":21,"column":20},"end":{"line":21,"column":32}},"19":{"start":{"line":22,"column":21},"end":{"line":22,"column":40}},"20":{"start":{"line":23,"column":8},"end":{"line":28,"column":9}},"21":{"start":{"line":24,"column":12},"end":{"line":24,"column":30}},"22":{"start":{"line":25,"column":12},"end":{"line":25,"column":16}},"23":{"start":{"line":27,"column":12},"end":{"line":27,"column":23}},"24":{"start":{"line":30,"column":4},"end":{"line":30,"column":15}},"25":{"start":{"line":33,"column":0},"end":{"line":35,"column":1}},"26":{"start":{"line":34,"column":4},"end":{"line":34,"column":43}}},"fnMap":{"0":{"name":"toRoman","decl":{"start":{"line":1,"column":9},"end":{"line":1,"column":16}},"loc":{"start":{"line":1,"column":22},"end":{"line":12,"column":1}},"line":1},"1":{"name":"toArabic","decl":{"start":{"line":14,"column":9},"end":{"line":14,"column":17}},"loc":{"start":{"line":14,"column":23},"end":{"line":31,"column":1}},"line":14}},"branchMap":{"0":{"loc":{"start":{"line":2,"column":4},"end":{"line":2,"column":96}},"type":"if","locations":[{"start":{"line":2,"column":4},"end":{"line":2,"column":96}},{"start":{},"end":{}}],"line":2},"1":{"loc":{"start":{"line":2,"column":8},"end":{"line":2,"column":82}},"type":"binary-expr","locations":[{"start":{"line":2,"column":8},"end":{"line":2,"column":31}},{"start":{"line":2,"column":35},"end":{"line":2,"column":57}},{"start":{"line":2,"column":61},"end":{"line":2,"column":68}},{"start":{"line":2,"column":72},"end":{"line":2,"column":82}}],"line":2},"2":{"loc":{"start":{"line":15,"column":4},"end":{"line":15,"column":65}},"type":"if","locations":[{"start":{"line":15,"column":4},"end":{"line":15,"column":65}},{"start":{},"end":{}}],"line":15},"3":{"loc":{"start":{"line":15,"column":8},"end":{"line":15,"column":51}},"type":"binary-expr","locations":[{"start":{"line":15,"column":8},"end":{"line":15,"column":31}},{"start":{"line":15,"column":35},"end":{"line":15,"column":51}}],"line":15},"4":{"loc":{"start":{"line":17,"column":4},"end":{"line":17,"column":47}},"type":"if","locations":[{"start":{"line":17,"column":4},"end":{"line":17,"column":47}},{"start":{},"end":{}}],"line":17},"5":{"loc":{"start":{"line":22,"column":21},"end":{"line":22,"column":40}},"type":"binary-expr","locations":[{"start":{"line":22,"column":21},"end":{"line":22,"column":35}},{"start":{"line":22,"column":39},"end":{"line":22,"column":40}}],"line":22},"6":{"loc":{"start":{"line":23,"column":8},"end":{"line":28,"column":9}},"type":"if","locations":[{"start":{"line":23,"column":8},"end":{"line":28,"column":9}},{"start":{"line":26,"column":15},"end":{"line":28,"column":9}}],"line":23},"7":{"loc":{"start":{"line":33,"column":0},"end":{"line":35,"column":1}},"type":"if","locations":[{"start":{"line":33,"column":0},"end":{"line":35,"column":1}},{"start":{},"end":{}}],"line":33},"8":{"loc":{"start":{"line":33,"column":4},"end":{"line":33,"column":51}},"type":"binary-expr","locations":[{"start":{"line":33,"column":4},"end":{"line":33,"column":33}},{"start":{"line":33,"column":37},"end":{"line":33,"column":51}}],"line":33}},"s":{"0":10,"1":5,"2":5,"3":5,"4":5,"5":65,"6":12,"7":12,"8":5,"9":11,"10":3,"11":8,"12":8,"13":1,"14":7,"15":7,"16":7,"17":7,"18":15,"19":15,"20":15,"21":6,"22":6,"23":9,"24":7,"25":1,"26":1},"f":{"0":10,"1":11},"b":{"0":[5,5],"1":[10,9,8,6],"2":[3,8],"3":[11,9],"4":[1,7],"5":[15,3],"6":[6,9],"7":[1,0],"8":[1,1]},"_coverageSchema":"1a1c01bbd47fc00a2c39e90264f33305004495a9","hash":"511e19986f2554d29e02c98c635637b2a46a2bc2"}
}
