TN:
SF:conversions.js
FN:1,toRoman
FN:14,toArabic
FNF:2
FNH:2
FNDA:10,toRoman
FNDA:11,toArabic
DA:2,10
DA:3,5
DA:4,5
DA:5,5
DA:6,65
DA:7,12
DA:8,12
DA:11,5
DA:15,11
DA:16,8
DA:17,8
DA:18,7
DA:19,7
DA:20,7
DA:21,15
DA:22,15
DA:23,15
DA:24,6
DA:25,6
DA:27,9
DA:30,7
DA:33,1
DA:34,1
LF:23
LH:23
BRDA:2,0,0,5
BRDA:2,0,1,5
BRDA:2,1,0,10
BRDA:2,1,1,9
BRDA:2,1,2,8
BRDA:2,1,3,6
BRDA:15,2,0,3
BRDA:15,2,1,8
BRDA:15,3,0,11
BRDA:15,3,1,9
BRDA:17,4,0,1
BRDA:17,4,1,7
BRDA:22,5,0,15
BRDA:22,5,1,3
BRDA:23,6,0,6
BRDA:23,6,1,9
BRDA:33,7,0,1
BRDA:33,7,1,0
BRDA:33,8,0,1
BRDA:33,8,1,1
BRF:20
BRH:19
end_of_record
